\BOOKMARK [0][-]{chapter*.1}{\376\377\201\364\213\035}{}% 1
\BOOKMARK [0][-]{chapter*.2}{\376\377\144\130\211\201}{}% 2
\BOOKMARK [0][-]{chapter*.3}{\376\377\000A\000B\000S\000T\000R\000A\000C\000T}{}% 3
\BOOKMARK [0][-]{section*.4}{\376\377\166\356\223\004}{}% 4
\BOOKMARK [0][-]{section*.5}{\376\377\127\026\166\356\223\004}{}% 5
\BOOKMARK [0][-]{section*.6}{\376\377\210\150\166\356\223\004}{}% 6
\BOOKMARK [0][-]{chapter*.7}{\376\377\173\046\206\137\122\027\210\150}{}% 7
\BOOKMARK [0][-]{chapter.1}{\376\377\175\322\212\326}{}% 8
\BOOKMARK [1][-]{section.1.1}{\376\377\122\115\212\000}{chapter.1}% 9
\BOOKMARK [1][-]{section.1.2}{\376\377\145\207\163\173\143\242\212\016}{chapter.1}% 10
\BOOKMARK [1][-]{section.1.3}{\376\377\170\024\172\166\122\325\152\137}{chapter.1}% 11
\BOOKMARK [1][-]{section.1.4}{\376\377\212\326\145\207\147\266\151\313}{chapter.1}% 12
\BOOKMARK [0][-]{chapter.2}{\376\377\145\271\154\325\202\007\164\006\212\326}{}% 13
\BOOKMARK [1][-]{section.2.1}{\376\377\121\111\156\220\116\313\175\071}{chapter.2}% 14
\BOOKMARK [1][-]{section.2.2}{\376\377\121\111\213\134\137\161\120\317\217\111\143\333\121\111\213\134}{chapter.2}% 15
\BOOKMARK [2][-]{subsection.2.2.1}{\376\377\202\162\137\151\217\111\143\333\164\006\212\326}{section.2.2}% 16
\BOOKMARK [2][-]{subsection.2.2.2}{\376\377\202\010\215\243\123\100\225\223\000\050\000R\000e\000g\000i\000o\000n\000\040\000o\000f\000\040\000I\000n\000t\000e\000r\000e\000s\000t\000,\000\040\000R\000O\000I\000\051}{section.2.2}% 17
\BOOKMARK [2][-]{subsection.2.2.3}{\376\377\201\352\122\325\137\067\136\246\212\277\145\164}{section.2.2}% 18
\BOOKMARK [1][-]{section.2.3}{\376\377\000H\000i\000l\000b\000e\000r\000t\000\040\000T\000r\000a\000n\000s\000f\000o\000r\000m\220\113\173\227}{chapter.2}% 19
\BOOKMARK [1][-]{section.2.4}{\376\377\121\111\213\134\152\041\127\213\144\354\124\010}{chapter.2}% 20
\BOOKMARK [2][-]{subsection.2.4.1}{\376\377\232\330\145\257\144\354\124\010}{section.2.4}% 21
\BOOKMARK [2][-]{subsection.2.4.2}{\376\377\122\336\120\053\203\062\144\354\124\010}{section.2.4}% 22
\BOOKMARK [0][-]{chapter.3}{\376\377\201\352\122\325\154\342\225\167\150\041\153\143\155\101\172\013}{}% 23
\BOOKMARK [1][-]{section.3.1}{\376\377\122\325\141\113\220\043\175\120\121\375\137\017\136\253}{chapter.3}% 24
\BOOKMARK [1][-]{section.3.2}{\376\377\000R\000O\000I\000\040\000S\000c\000a\000n}{chapter.3}% 25
\BOOKMARK [1][-]{section.3.3}{\376\377\000R\000O\000I\137\161\120\317\217\111\143\333\121\111\213\134}{chapter.3}% 26
\BOOKMARK [1][-]{section.3.4}{\376\377\000A\000u\000t\000o\000\040\000S\000c\000a\000l\000i\000n\000g}{chapter.3}% 27
\BOOKMARK [1][-]{section.3.5}{\376\377\154\342\134\360\117\115\177\156\120\165\156\054}{chapter.3}% 28
\BOOKMARK [2][-]{subsection.3.5.1}{\376\377\154\136\154\054\161\310\154\342\134\360\117\115\177\156\120\165\156\054}{section.3.5}% 29
\BOOKMARK [2][-]{subsection.3.5.2}{\376\377\125\256\226\367\134\004\154\342\134\360\117\115\177\156\120\165\156\054}{section.3.5}% 30
\BOOKMARK [1][-]{section.3.6}{\376\377\175\120\124\010\150\041\153\143}{chapter.3}% 31
\BOOKMARK [1][-]{section.3.7}{\376\377\121\111\213\134\146\166\162\107\152\041\175\104\140\047\200\375\221\317\123\026\122\044\133\232}{chapter.3}% 32
\BOOKMARK [2][-]{subsection.3.7.1}{\376\377\154\136\154\054\161\310\154\342\137\142\221\317\123\026\122\044\133\232}{section.3.7}% 33
\BOOKMARK [2][-]{subsection.3.7.2}{\376\377\166\175\121\111\000L\000E\000D\154\342\137\142\221\317\123\026\122\044\133\232}{section.3.7}% 34
\BOOKMARK [0][-]{chapter.4}{\376\377\133\346\232\127\175\120\147\234}{}% 35
\BOOKMARK [1][-]{section.4.1}{\376\377\133\346\226\233\146\166\162\107\221\317\156\054}{chapter.4}% 36
\BOOKMARK [1][-]{section.4.2}{\376\377\116\015\124\014\145\271\154\325\116\113\154\342\225\167\150\041\153\143\153\324\217\003}{chapter.4}% 37
\BOOKMARK [0][-]{chapter.5}{\376\377\175\120\212\326}{}% 38
\BOOKMARK [0][-]{section*.71}{\376\377\123\303\200\003\145\207\163\173}{}% 39
